2020-06-03T14:52:13: server listening on port http://localhost:3007/
2020-06-03T14:52:43: received: {"userId":1097,"msg":"aaa"}
2020-06-03T14:52:47: received: {"userId":1097,"msg":"aaa"}
2020-06-03T14:52:48: received: {"userId":1097,"msg":"aaa"}
2020-06-03T14:52:48: received: {"userId":1097,"msg":"aaa"}
2020-06-03T14:52:48: received: {"userId":1097,"msg":"aaa"}
2020-06-03T14:52:48: received: {"userId":1097,"msg":"aaa"}
2020-06-03T14:52:49: received: {"userId":1097,"msg":"aaa"}
2020-06-03T14:52:49: received: {"userId":1097,"msg":"aaa"}
2020-06-03T14:52:49: received: {"userId":1097,"msg":"aaa"}
2020-06-03T14:52:49: received: {"userId":1097,"msg":"aaa"}
2020-06-03T14:52:49: received: {"userId":1097,"msg":"aaa"}
2020-06-03T14:52:49: received: {"userId":1097,"msg":"aaa"}
2020-06-03T14:52:50: received: {"userId":1097,"msg":"aaa"}
2020-06-03T14:52:50: received: {"userId":1097,"msg":"aaa"}
2020-06-03T14:52:50: received: {"userId":1097,"msg":"aaa"}
2020-06-03T14:53:29: received: {"userId":1097,"msg":"aaa"}
2020-06-03T14:53:30: received: {"userId":1097,"msg":"aaa"}
2020-06-03T14:53:30: received: {"userId":1097,"msg":"aaa"}
2020-06-03T14:53:31: received: {"userId":1097,"msg":"aaa"}
2020-06-03T14:53:32: received: {"userId":1097,"msg":"aaa"}
2020-06-03T14:53:34: received: {"userId":1097,"msg":"aaa"}
2020-06-03T14:53:42: received: {"userId":1097,"msg":"bbbb"}
2020-06-03T14:54:28: received: {"userId":1097,"msg":"cccc"}
2020-06-03T14:54:36: received: {"userId":1097,"msg":"d"}
2020-06-03T14:55:04: received: {"userId":1097,"msg":"d"}
2020-06-03T14:57:36: received: {"userId":1097,"msg":"d"}
2020-06-03T14:57:37: received: {"userId":1097,"msg":"d"}
2020-06-03T14:57:38: received: {"userId":1097,"msg":"d"}
2020-06-03T14:57:38: received: {"userId":1097,"msg":"d"}
2020-06-03T14:57:40: received: {"userId":1097,"msg":"adasf"}
